#
# There is insufficient memory for the Java Runtime Environment to continue.
# Native memory allocation (malloc) failed to allocate 1048576 bytes for AllocateHeap
# Possible reasons:
#   The system is out of physical RAM or swap space
#   In 32 bit mode, the process size limit was hit
# Possible solutions:
#   Reduce memory load on the system
#   Increase physical memory or swap space
#   Check if swap backing store is full
#   Use 64 bit Java on a 64 bit OS
#   Decrease Java heap size (-Xmx/-Xms)
#   Decrease number of Java threads
#   Decrease Java thread stack sizes (-Xss)
#   Set larger code cache with -XX:ReservedCodeCacheSize=
# This output file may be truncated or incomplete.
#
#  Out of Memory Error (memory/allocation.inline.hpp:61), pid=3948, tid=0x000000000000321c
#
# JRE version:  (8.0_144-b01) (build )
# Java VM: Java HotSpot(TM) 64-Bit Server VM (25.144-b01 mixed mode windows-amd64 compressed oops)
# Failed to write core dump. Minidumps are not enabled by default on client versions of Windows
#

---------------  T H R E A D  ---------------

Current thread (0x0000000002973000):  JavaThread "Unknown thread" [_thread_in_vm, id=12828, stack(0x00000000027e0000,0x00000000028e0000)]

Stack: [0x00000000027e0000,0x00000000028e0000]
[error occurred during error reporting (printing stack bounds), id 0xc0000005]

Native frames: (J=compiled Java code, j=interpreted, Vv=VM code, C=native code)


---------------  P R O C E S S  ---------------

Java Threads: ( => current thread )

Other Threads:

=>0x0000000002973000 (exited) JavaThread "Unknown thread" [_thread_in_vm, id=12828, stack(0x00000000027e0000,0x00000000028e0000)]

VM state:not at safepoint (normal execution)

VM Mutex/Monitor currently owned by a thread: None

Heap:
 PSYoungGen      total 37888K, used 655K [0x00000000d6180000, 0x00000000d8b80000, 0x0000000100000000)
  eden space 32768K, 2% used [0x00000000d6180000,0x00000000d6223d80,0x00000000d8180000)
  from space 5120K, 0% used [0x00000000d8680000,0x00000000d8680000,0x00000000d8b80000)
  to   space 5120K, 0% used [0x00000000d8180000,0x00000000d8180000,0x00000000d8680000)
 ParOldGen       total 86016K, used 0K [0x0000000082400000, 0x0000000087800000, 0x00000000d6180000)
  object space 86016K, 0% used [0x0000000082400000,0x0000000082400000,0x0000000087800000)
 Metaspace       used 770K, capacity 4480K, committed 4480K, reserved 1056768K
  class space    used 75K, capacity 384K, committed 384K, reserved 1048576K

Card table byte_map: [0x0000000011e30000,0x0000000012220000] byte_map_base: 0x0000000011a1e000

Marking Bits: (ParMarkBitMap*) 0x00000000623ed850
 Begin Bits: [0x00000000128c0000, 0x0000000014830000)
 End Bits:   [0x0000000014830000, 0x00000000167a0000)

Polling page: 0x0000000002750000

CodeCache: size=245760Kb used=328Kb max_used=328Kb free=245431Kb
 bounds [0x0000000002a70000, 0x0000000002ce0000, 0x0000000011a70000]
 total_blobs=58 nmethods=0 adapters=38
 compilation: enabled

Compilation events (0 events):
No events

GC Heap History (0 events):
No events

Deoptimization events (0 events):
No events

Internal exceptions (0 events):
No events

Events (10 events):
Event: 0.025 loading class java/lang/Short
Event: 0.025 loading class java/lang/Short done
Event: 0.025 loading class java/lang/Integer
Event: 0.025 loading class java/lang/Integer done
Event: 0.025 loading class java/lang/Long
Event: 0.025 loading class java/lang/Long done
Event: 0.026 loading class java/lang/NullPointerException
Event: 0.026 loading class java/lang/NullPointerException done
Event: 0.026 loading class java/lang/ArithmeticException
Event: 0.026 loading class java/lang/ArithmeticException done


Dynamic libraries:
0x00007ff6d81d0000 - 0x00007ff6d8207000 	C:\Program Files\Java\jdk1.8.0_144\bin\java.exe
0x00007ffbd46a0000 - 0x00007ffbd4881000 	C:\WINDOWS\SYSTEM32\ntdll.dll
0x00007ffbd2560000 - 0x00007ffbd2612000 	C:\WINDOWS\System32\KERNEL32.DLL
0x00007ffbd0c80000 - 0x00007ffbd0ef3000 	C:\WINDOWS\System32\KERNELBASE.dll
0x00007ffbd4140000 - 0x00007ffbd41e1000 	C:\WINDOWS\System32\ADVAPI32.dll
0x00007ffbd45d0000 - 0x00007ffbd466e000 	C:\WINDOWS\System32\msvcrt.dll
0x00007ffbd27e0000 - 0x00007ffbd283b000 	C:\WINDOWS\System32\sechost.dll
0x00007ffbd2840000 - 0x00007ffbd2964000 	C:\WINDOWS\System32\RPCRT4.dll
0x00007ffbd2a40000 - 0x00007ffbd2bd0000 	C:\WINDOWS\System32\USER32.dll
0x00007ffbd0a70000 - 0x00007ffbd0a90000 	C:\WINDOWS\System32\win32u.dll
0x00007ffbd2530000 - 0x00007ffbd2558000 	C:\WINDOWS\System32\GDI32.dll
0x00007ffbd0ae0000 - 0x00007ffbd0c72000 	C:\WINDOWS\System32\gdi32full.dll
0x00007ffbd0f80000 - 0x00007ffbd101f000 	C:\WINDOWS\System32\msvcp_win.dll
0x00007ffbd1730000 - 0x00007ffbd182a000 	C:\WINDOWS\System32\ucrtbase.dll
0x00007ffbc2a80000 - 0x00007ffbc2ce9000 	C:\WINDOWS\WinSxS\amd64_microsoft.windows.common-controls_6595b64144ccf1df_6.0.17134.112_none_fb3f961b30681c12\COMCTL32.dll
0x00007ffbd41f0000 - 0x00007ffbd4513000 	C:\WINDOWS\System32\combase.dll
0x00007ffbd0f00000 - 0x00007ffbd0f7a000 	C:\WINDOWS\System32\bcryptPrimitives.dll
0x00007ffbd4100000 - 0x00007ffbd412d000 	C:\WINDOWS\System32\IMM32.DLL
0x00007ffbcf980000 - 0x00007ffbcf9b0000 	C:\WINDOWS\system32\DriverStore\FileRepository\nvacwu.inf_amd64_bdd6ea477d4e2fba\nvinitx.dll
0x00007ffbcf970000 - 0x00007ffbcf97a000 	C:\WINDOWS\SYSTEM32\VERSION.dll
0x00007ffbd2c40000 - 0x00007ffbd4080000 	C:\WINDOWS\System32\Shell32.dll
0x00007ffbd0a90000 - 0x00007ffbd0ad9000 	C:\WINDOWS\System32\cfgmgr32.dll
0x00007ffbd2970000 - 0x00007ffbd2a19000 	C:\WINDOWS\System32\shcore.dll
0x00007ffbd1020000 - 0x00007ffbd172d000 	C:\WINDOWS\System32\windows.storage.dll
0x00007ffbd2370000 - 0x00007ffbd23c1000 	C:\WINDOWS\System32\shlwapi.dll
0x00007ffbd09c0000 - 0x00007ffbd09d1000 	C:\WINDOWS\System32\kernel.appcore.dll
0x00007ffbd0a50000 - 0x00007ffbd0a6f000 	C:\WINDOWS\System32\profapi.dll
0x00007ffbd0a00000 - 0x00007ffbd0a4c000 	C:\WINDOWS\System32\powrprof.dll
0x00007ffbd09b0000 - 0x00007ffbd09ba000 	C:\WINDOWS\System32\FLTLIB.DLL
0x0000000063a30000 - 0x0000000063a36000 	C:\Program Files\NVIDIA Corporation\CoProcManager\_etoured.dll
0x00007ffbcecb0000 - 0x00007ffbceceb000 	C:\Program Files\NVIDIA Corporation\CoProcManager\nvd3d9wrapx.dll
0x00007ffbd1d80000 - 0x00007ffbd21cb000 	C:\WINDOWS\System32\SETUPAPI.dll
0x00007ffbcec80000 - 0x00007ffbceca4000 	C:\Program Files\NVIDIA Corporation\CoProcManager\nvdxgiwrapx.dll
0x0000000061af0000 - 0x0000000061bc2000 	C:\Program Files\Java\jdk1.8.0_144\jre\bin\msvcr100.dll
0x0000000061bd0000 - 0x000000006246d000 	C:\Program Files\Java\jdk1.8.0_144\jre\bin\server\jvm.dll
0x00007ffbd4520000 - 0x00007ffbd4528000 	C:\WINDOWS\System32\PSAPI.DLL
0x00007ffbcd890000 - 0x00007ffbcd899000 	C:\WINDOWS\SYSTEM32\WSOCK32.dll
0x00007ffbcd5c0000 - 0x00007ffbcd5e3000 	C:\WINDOWS\SYSTEM32\WINMM.dll
0x00007ffbd23d0000 - 0x00007ffbd243c000 	C:\WINDOWS\System32\WS2_32.dll
0x00007ffbcd590000 - 0x00007ffbcd5ba000 	C:\WINDOWS\SYSTEM32\winmmbase.dll
0x0000000063690000 - 0x000000006369f000 	C:\Program Files\Java\jdk1.8.0_144\jre\bin\verify.dll
0x0000000061ac0000 - 0x0000000061ae9000 	C:\Program Files\Java\jdk1.8.0_144\jre\bin\java.dll
0x0000000061aa0000 - 0x0000000061ab6000 	C:\Program Files\Java\jdk1.8.0_144\jre\bin\zip.dll

VM Arguments:
java_command: principal.Principal
java_class_path (initial): C:\Users\Yoel\Documents\NetBeansProjects\Policia\target\classes;C:\Users\Yoel\.m2\repository\org\hibernate\hibernate-entitymanager\4.3.1.Final\hibernate-entitymanager-4.3.1.Final.jar;C:\Users\Yoel\.m2\repository\org\jboss\logging\jboss-logging\3.1.3.GA\jboss-logging-3.1.3.GA.jar;C:\Users\Yoel\.m2\repository\org\jboss\logging\jboss-logging-annotations\1.2.0.Beta1\jboss-logging-annotations-1.2.0.Beta1.jar;C:\Users\Yoel\.m2\repository\org\hibernate\hibernate-core\4.3.1.Final\hibernate-core-4.3.1.Final.jar;C:\Users\Yoel\.m2\repository\antlr\antlr\2.7.7\antlr-2.7.7.jar;C:\Users\Yoel\.m2\repository\org\jboss\jandex\1.1.0.Final\jandex-1.1.0.Final.jar;C:\Users\Yoel\.m2\repository\dom4j\dom4j\1.6.1\dom4j-1.6.1.jar;C:\Users\Yoel\.m2\repository\org\hibernate\common\hibernate-commons-annotations\4.0.4.Final\hibernate-commons-annotations-4.0.4.Final.jar;C:\Users\Yoel\.m2\repository\org\jboss\spec\javax\transaction\jboss-transaction-api_1.2_spec\1.0.0.Final\jboss-transaction-api_1.2_spec-1.0.0.Final.jar;C:\Users\Yoel\.m2\repository\org\javassist\javassist\3.18.1-GA\javassist-3.18.1-GA.jar;C:\Users\Yoel\.m2\repository\org\hibernate\javax\persistence\hibernate-jpa-2.1-api\1.0.0.Final\hibernate-jpa-2.1-api-1.0.0.Final.jar;C:\Users\Yoel\.m2\repository\unknown\binary\mysql-connector-java-5.1.23-bin\SNAPSHOT\mysql-connector-java-5.1.23-bin-SNAPSHOT.jar;C:\Users\Yoel\.m2\repository\com\toedter\jcalendar\1.4\jcalendar-1.4.jar;C:\Users\Yoel\.m2\repository\unknown\binary\AbsoluteLayout\SNAPSHOT\AbsoluteLayout-SNAPSHOT.jar;C:\Users\Yoel\.m2\repository\net\sf\jasperreports\jasperreports\5.6.0\jasperreports-5.6.0.jar;C:\Users\Yoel\.m2\repository\commons-beanutils\commons-beanutils\1.8.0\commons-beanutils-1.8.0.jar;C:\Users\Yoel\.m2\repository\commons-collections\commons-collections\3.2.1\commons-collections-3.2.1.jar;C:\Users\Yoel\.m2\repository\commons-digester\commons-digester\2.1\commons-digester-2.1.jar;C:\Users\Yoel\.m2\repository\com\lowagie\itext\2.1.7.js2\
Launcher Type: SUN_STANDARD

Environment Variables:
JAVA_HOME=C:\Program Files\Java\jdk1.8.0_144
PATH=C:\ProgramData\Oracle\Java\javapath;C:\WINDOWS\system32;C:\WINDOWS;C:\WINDOWS\System32\Wbem;C:\WINDOWS\System32\WindowsPowerShell\v1.0\;C:\WINDOWS\System32\OpenSSH\;C:\Program Files\Git\cmd;C:\Users\Yoel\AppData\Local\Microsoft\WindowsApps;
USERNAME=Yoel
OS=Windows_NT
PROCESSOR_IDENTIFIER=Intel64 Family 6 Model 42 Stepping 7, GenuineIntel



---------------  S Y S T E M  ---------------

OS: Windows 10.0 , 64 bit Build 17134 (10.0.17134.1)

CPU:total 4 (initial active 4) (2 cores per cpu, 2 threads per core) family 6 model 42 stepping 7, cmov, cx8, fxsr, mmx, sse, sse2, sse3, ssse3, sse4.1, sse4.2, popcnt, avx, aes, clmul, ht, tsc, tscinvbit

Memory: 4k page, physical 8236908k(1957320k free), swap 8236908k(5508k free)

vm_info: Java HotSpot(TM) 64-Bit Server VM (25.144-b01) for windows-amd64 JRE (1.8.0_144-b01), built on Jul 21 2017 21:57:33 by "java_re" with MS VC++ 10.0 (VS2010)

time: Tue Jul 10 07:17:40 2018
elapsed time: 0 seconds (0d 0h 0m 0s)

