#
# There is insufficient memory for the Java Runtime Environment to continue.
# Native memory allocation (malloc) failed to allocate 691536 bytes for Chunk::new
# Possible reasons:
#   The system is out of physical RAM or swap space
#   In 32 bit mode, the process size limit was hit
# Possible solutions:
#   Reduce memory load on the system
#   Increase physical memory or swap space
#   Check if swap backing store is full
#   Use 64 bit Java on a 64 bit OS
#   Decrease Java heap size (-Xmx/-Xms)
#   Decrease number of Java threads
#   Decrease Java thread stack sizes (-Xss)
#   Set larger code cache with -XX:ReservedCodeCacheSize=
# This output file may be truncated or incomplete.
#
#  Out of Memory Error (allocation.cpp:390), pid=5048, tid=0x000000000000058c
#
# JRE version: Java(TM) SE Runtime Environment (8.0_144-b01) (build 1.8.0_144-b01)
# Java VM: Java HotSpot(TM) 64-Bit Server VM (25.144-b01 mixed mode windows-amd64 compressed oops)
# Failed to write core dump. Minidumps are not enabled by default on client versions of Windows
#

---------------  T H R E A D  ---------------

Current thread (0x0000000017842800):  JavaThread "C2 CompilerThread1" daemon [_thread_in_native, id=1420, stack(0x0000000018fc0000,0x00000000190c0000)]

Stack: [0x0000000018fc0000,0x00000000190c0000]
[error occurred during error reporting (printing stack bounds), id 0xc0000005]

Native frames: (J=compiled Java code, j=interpreted, Vv=VM code, C=native code)


Current CompileTask:
C2:   1016  833   !   4       sun.font.TrueTypeFont::getTableBuffer (199 bytes)


---------------  P R O C E S S  ---------------

Java Threads: ( => current thread )
  0x0000000019a3b800 JavaThread "Image Fetcher 0" daemon [_thread_blocked, id=7048, stack(0x000000001af50000,0x000000001b050000)]
  0x0000000002b2e000 JavaThread "DestroyJavaVM" [_thread_blocked, id=5800, stack(0x0000000002b80000,0x0000000002c80000)]
  0x0000000019a21000 JavaThread "AWT-EventQueue-0" [_thread_blocked, id=8660, stack(0x000000001ac50000,0x000000001ad50000)]
  0x00000000199c3000 JavaThread "AWT-Windows" daemon [_thread_in_native, id=8348, stack(0x000000001a320000,0x000000001a420000)]
  0x00000000199c0000 JavaThread "AWT-Shutdown" [_thread_blocked, id=8432, stack(0x000000001a220000,0x000000001a320000)]
  0x00000000199bf800 JavaThread "Java2D Disposer" daemon [_thread_blocked, id=7280, stack(0x000000001a120000,0x000000001a220000)]
  0x00000000191f8800 JavaThread "Service Thread" daemon [_thread_blocked, id=4600, stack(0x00000000195c0000,0x00000000196c0000)]
  0x000000001786c000 JavaThread "C1 CompilerThread2" daemon [_thread_blocked, id=8092, stack(0x00000000190c0000,0x00000000191c0000)]
=>0x0000000017842800 JavaThread "C2 CompilerThread1" daemon [_thread_in_native, id=1420, stack(0x0000000018fc0000,0x00000000190c0000)]
  0x0000000017840000 JavaThread "C2 CompilerThread0" daemon [_thread_blocked, id=2820, stack(0x0000000018ec0000,0x0000000018fc0000)]
  0x000000001783f000 JavaThread "Attach Listener" daemon [_thread_blocked, id=3984, stack(0x0000000018dc0000,0x0000000018ec0000)]
  0x000000001783d800 JavaThread "Signal Dispatcher" daemon [_thread_blocked, id=4464, stack(0x0000000018cc0000,0x0000000018dc0000)]
  0x0000000002d7c000 JavaThread "Finalizer" daemon [_thread_blocked, id=10892, stack(0x0000000018aa0000,0x0000000018ba0000)]
  0x0000000002d73000 JavaThread "Reference Handler" daemon [_thread_blocked, id=3952, stack(0x00000000189a0000,0x0000000018aa0000)]

Other Threads:
  0x0000000017807800 VMThread [stack: 0x00000000188a0000,0x00000000189a0000] [id=10652]
  0x00000000191fb800 WatcherThread [stack: 0x00000000196c0000,0x00000000197c0000] [id=4320]

VM state:not at safepoint (normal execution)

VM Mutex/Monitor currently owned by a thread: None

Heap:
 PSYoungGen      total 37888K, used 26396K [0x00000000d6180000, 0x00000000d8b80000, 0x0000000100000000)
  eden space 32768K, 80% used [0x00000000d6180000,0x00000000d7b471e0,0x00000000d8180000)
  from space 5120K, 0% used [0x00000000d8680000,0x00000000d8680000,0x00000000d8b80000)
  to   space 5120K, 0% used [0x00000000d8180000,0x00000000d8180000,0x00000000d8680000)
 ParOldGen       total 86016K, used 0K [0x0000000082400000, 0x0000000087800000, 0x00000000d6180000)
  object space 86016K, 0% used [0x0000000082400000,0x0000000082400000,0x0000000087800000)
 Metaspace       used 12204K, capacity 12418K, committed 12672K, reserved 1060864K
  class space    used 1563K, capacity 1645K, committed 1664K, reserved 1048576K

Card table byte_map: [0x0000000012140000,0x0000000012530000] byte_map_base: 0x0000000011d2e000

Marking Bits: (ParMarkBitMap*) 0x00000000623ed850
 Begin Bits: [0x0000000012bd0000, 0x0000000014b40000)
 End Bits:   [0x0000000014b40000, 0x0000000016ab0000)

Polling page: 0x0000000001060000

CodeCache: size=245760Kb used=3293Kb max_used=3293Kb free=242466Kb
 bounds [0x0000000002d80000, 0x00000000030c0000, 0x0000000011d80000]
 total_blobs=1389 nmethods=902 adapters=400
 compilation: enabled

Compilation events (10 events):
Event: 0.952 Thread 0x000000001786c000 nmethod 889 0x00000000030ad7d0 code [0x00000000030adac0, 0x00000000030af518]
Event: 0.952 Thread 0x000000001786c000  890   !   3       java.awt.Container::getComponent (42 bytes)
Event: 0.953 Thread 0x000000001786c000 nmethod 890 0x00000000030aff10 code [0x00000000030b0100, 0x00000000030b0a68]
Event: 0.953 Thread 0x000000001786c000  893       3       javax.swing.JComponent::getHeight (5 bytes)
Event: 0.953 Thread 0x000000001786c000 nmethod 893 0x00000000030b23d0 code [0x00000000030b2520, 0x00000000030b2690]
Event: 0.953 Thread 0x000000001786c000  891       1       java.awt.AWTEvent::getID (5 bytes)
Event: 0.953 Thread 0x000000001786c000 nmethod 891 0x00000000030b4410 code [0x00000000030b4560, 0x00000000030b4670]
Event: 0.953 Thread 0x000000001786c000  892       1       java.util.concurrent.locks.AbstractQueuedSynchronizer::getState (5 bytes)
Event: 0.953 Thread 0x000000001786c000 nmethod 892 0x00000000030b46d0 code [0x00000000030b4820, 0x00000000030b4930]
Event: 0.953 Thread 0x0000000017840000 nmethod 880 0x00000000030b4990 code [0x00000000030b4ae0, 0x00000000030b5098]

GC Heap History (0 events):
No events

Deoptimization events (7 events):
Event: 0.716 Thread 0x0000000019a21000 Uncommon trap: reason=class_check action=maybe_recompile pc=0x0000000002ef961c method=java.lang.String.equals(Ljava/lang/Object;)Z @ 8
Event: 0.716 Thread 0x0000000019a21000 Uncommon trap: reason=class_check action=maybe_recompile pc=0x0000000002ef961c method=java.lang.String.equals(Ljava/lang/Object;)Z @ 8
Event: 0.716 Thread 0x0000000019a21000 Uncommon trap: reason=class_check action=maybe_recompile pc=0x0000000002ef961c method=java.lang.String.equals(Ljava/lang/Object;)Z @ 8
Event: 0.716 Thread 0x0000000019a21000 Uncommon trap: reason=class_check action=maybe_recompile pc=0x0000000002ef961c method=java.lang.String.equals(Ljava/lang/Object;)Z @ 8
Event: 0.820 Thread 0x0000000019a21000 Uncommon trap: reason=unstable_if action=reinterpret pc=0x0000000002fe9324 method=java.lang.CharacterData.of(I)Ljava/lang/CharacterData; @ 4
Event: 0.839 Thread 0x0000000019a21000 Uncommon trap: reason=unstable_if action=reinterpret pc=0x000000000306a8b4 method=java.lang.Character.isSurrogate(C)Z @ 3
Event: 0.946 Thread 0x0000000019a21000 Uncommon trap: reason=predicate action=maybe_recompile pc=0x0000000003030438 method=java.util.ArrayList.indexOf(Ljava/lang/Object;)I @ 44

Internal exceptions (10 events):
Event: 0.352 Thread 0x0000000002b2e000 Exception <a 'java/lang/ClassNotFoundException': ToolBar> (0x00000000d6626f00) thrown at [C:\re\workspace\8-2-build-windows-amd64-cygwin\jdk8u144\9417\hotspot\src\share\vm\classfile\systemDictionary.cpp, line 210]
Event: 0.352 Thread 0x0000000002b2e000 Exception <a 'java/lang/ClassNotFoundException': ToggleButton> (0x00000000d66274b0) thrown at [C:\re\workspace\8-2-build-windows-amd64-cygwin\jdk8u144\9417\hotspot\src\share\vm\classfile\systemDictionary.cpp, line 210]
Event: 0.352 Thread 0x0000000002b2e000 Exception <a 'java/lang/ClassNotFoundException': javax/swing/JToolBarSeparator> (0x00000000d6627910) thrown at [C:\re\workspace\8-2-build-windows-amd64-cygwin\jdk8u144\9417\hotspot\src\share\vm\classfile\systemDictionary.cpp, line 210]
Event: 0.352 Thread 0x0000000002b2e000 Exception <a 'java/lang/ClassNotFoundException': ToolBarSeparator> (0x00000000d6627da8) thrown at [C:\re\workspace\8-2-build-windows-amd64-cygwin\jdk8u144\9417\hotspot\src\share\vm\classfile\systemDictionary.cpp, line 210]
Event: 0.352 Thread 0x0000000002b2e000 Exception <a 'java/lang/ClassNotFoundException': ToolTip> (0x00000000d66284e8) thrown at [C:\re\workspace\8-2-build-windows-amd64-cygwin\jdk8u144\9417\hotspot\src\share\vm\classfile\systemDictionary.cpp, line 210]
Event: 0.353 Thread 0x0000000002b2e000 Exception <a 'java/lang/ClassNotFoundException': Tree> (0x00000000d6629108) thrown at [C:\re\workspace\8-2-build-windows-amd64-cygwin\jdk8u144\9417\hotspot\src\share\vm\classfile\systemDictionary.cpp, line 210]
Event: 0.353 Thread 0x0000000002b2e000 Exception <a 'java/lang/ClassNotFoundException': Tree> (0x00000000d6629848) thrown at [C:\re\workspace\8-2-build-windows-amd64-cygwin\jdk8u144\9417\hotspot\src\share\vm\classfile\systemDictionary.cpp, line 210]
Event: 0.353 Thread 0x0000000002b2e000 Exception <a 'java/lang/ClassNotFoundException': javax/swing/JTreeCell> (0x00000000d6629bc8) thrown at [C:\re\workspace\8-2-build-windows-amd64-cygwin\jdk8u144\9417\hotspot\src\share\vm\classfile\systemDictionary.cpp, line 210]
Event: 0.353 Thread 0x0000000002b2e000 Exception <a 'java/lang/ClassNotFoundException': TreeCell> (0x00000000d662a050) thrown at [C:\re\workspace\8-2-build-windows-amd64-cygwin\jdk8u144\9417\hotspot\src\share\vm\classfile\systemDictionary.cpp, line 210]
Event: 0.354 Thread 0x0000000002b2e000 Exception <a 'java/lang/ClassNotFoundException': RootPane> (0x00000000d662aab0) thrown at [C:\re\workspace\8-2-build-windows-amd64-cygwin\jdk8u144\9417\hotspot\src\share\vm\classfile\systemDictionary.cpp, line 210]

Events (10 events):
Event: 0.948 loading class java/awt/KeyboardFocusManager$HeavyweightFocusRequest
Event: 0.948 loading class java/awt/KeyboardFocusManager$HeavyweightFocusRequest done
Event: 0.948 loading class java/awt/DefaultKeyboardFocusManager$TypeAheadMarker
Event: 0.948 loading class java/awt/DefaultKeyboardFocusManager$TypeAheadMarker done
Event: 0.949 loading class java/awt/KeyboardFocusManager$LightweightFocusRequest
Event: 0.949 loading class java/awt/KeyboardFocusManager$LightweightFocusRequest done
Event: 0.949 loading class sun/awt/CausedFocusEvent
Event: 0.949 loading class sun/awt/CausedFocusEvent done
Event: 0.951 loading class javax/swing/RepaintManager$3
Event: 0.951 loading class javax/swing/RepaintManager$3 done


Dynamic libraries:
0x00007ff7112f0000 - 0x00007ff711327000 	C:\Program Files\Java\jdk1.8.0_144\bin\java.exe
0x00007ffbd46a0000 - 0x00007ffbd4881000 	C:\WINDOWS\SYSTEM32\ntdll.dll
0x00007ffbd2560000 - 0x00007ffbd2612000 	C:\WINDOWS\System32\KERNEL32.DLL
0x00007ffbd0c80000 - 0x00007ffbd0ef3000 	C:\WINDOWS\System32\KERNELBASE.dll
0x00007ffbd4140000 - 0x00007ffbd41e1000 	C:\WINDOWS\System32\ADVAPI32.dll
0x00007ffbd45d0000 - 0x00007ffbd466e000 	C:\WINDOWS\System32\msvcrt.dll
0x00007ffbd27e0000 - 0x00007ffbd283b000 	C:\WINDOWS\System32\sechost.dll
0x00007ffbd2840000 - 0x00007ffbd2964000 	C:\WINDOWS\System32\RPCRT4.dll
0x00007ffbd2a40000 - 0x00007ffbd2bd0000 	C:\WINDOWS\System32\USER32.dll
0x00007ffbd0a70000 - 0x00007ffbd0a90000 	C:\WINDOWS\System32\win32u.dll
0x00007ffbd2530000 - 0x00007ffbd2558000 	C:\WINDOWS\System32\GDI32.dll
0x00007ffbd0ae0000 - 0x00007ffbd0c72000 	C:\WINDOWS\System32\gdi32full.dll
0x00007ffbd0f80000 - 0x00007ffbd101f000 	C:\WINDOWS\System32\msvcp_win.dll
0x00007ffbd1730000 - 0x00007ffbd182a000 	C:\WINDOWS\System32\ucrtbase.dll
0x00007ffbc2a80000 - 0x00007ffbc2ce9000 	C:\WINDOWS\WinSxS\amd64_microsoft.windows.common-controls_6595b64144ccf1df_6.0.17134.112_none_fb3f961b30681c12\COMCTL32.dll
0x00007ffbd41f0000 - 0x00007ffbd4513000 	C:\WINDOWS\System32\combase.dll
0x00007ffbd0f00000 - 0x00007ffbd0f7a000 	C:\WINDOWS\System32\bcryptPrimitives.dll
0x00007ffbd4100000 - 0x00007ffbd412d000 	C:\WINDOWS\System32\IMM32.DLL
0x00007ffbcf980000 - 0x00007ffbcf9b0000 	C:\WINDOWS\system32\DriverStore\FileRepository\nvacwu.inf_amd64_bdd6ea477d4e2fba\nvinitx.dll
0x00007ffbcf970000 - 0x00007ffbcf97a000 	C:\WINDOWS\SYSTEM32\VERSION.dll
0x00007ffbd2c40000 - 0x00007ffbd4080000 	C:\WINDOWS\System32\Shell32.dll
0x00007ffbd0a90000 - 0x00007ffbd0ad9000 	C:\WINDOWS\System32\cfgmgr32.dll
0x00007ffbd2970000 - 0x00007ffbd2a19000 	C:\WINDOWS\System32\shcore.dll
0x00007ffbd1020000 - 0x00007ffbd172d000 	C:\WINDOWS\System32\windows.storage.dll
0x00007ffbd2370000 - 0x00007ffbd23c1000 	C:\WINDOWS\System32\shlwapi.dll
0x00007ffbd09c0000 - 0x00007ffbd09d1000 	C:\WINDOWS\System32\kernel.appcore.dll
0x00007ffbd0a50000 - 0x00007ffbd0a6f000 	C:\WINDOWS\System32\profapi.dll
0x00007ffbd0a00000 - 0x00007ffbd0a4c000 	C:\WINDOWS\System32\powrprof.dll
0x00007ffbd09b0000 - 0x00007ffbd09ba000 	C:\WINDOWS\System32\FLTLIB.DLL
0x0000000063a30000 - 0x0000000063a36000 	C:\Program Files\NVIDIA Corporation\CoProcManager\_etoured.dll
0x00007ffbcd850000 - 0x00007ffbcd88b000 	C:\Program Files\NVIDIA Corporation\CoProcManager\nvd3d9wrapx.dll
0x00007ffbd1d80000 - 0x00007ffbd21cb000 	C:\WINDOWS\System32\SETUPAPI.dll
0x00007ffbcd8d0000 - 0x00007ffbcd8f4000 	C:\Program Files\NVIDIA Corporation\CoProcManager\nvdxgiwrapx.dll
0x0000000061af0000 - 0x0000000061bc2000 	C:\Program Files\Java\jdk1.8.0_144\jre\bin\msvcr100.dll
0x0000000061bd0000 - 0x000000006246d000 	C:\Program Files\Java\jdk1.8.0_144\jre\bin\server\jvm.dll
0x00007ffbd4520000 - 0x00007ffbd4528000 	C:\WINDOWS\System32\PSAPI.DLL
0x00007ffbcd890000 - 0x00007ffbcd899000 	C:\WINDOWS\SYSTEM32\WSOCK32.dll
0x00007ffbcd5c0000 - 0x00007ffbcd5e3000 	C:\WINDOWS\SYSTEM32\WINMM.dll
0x00007ffbd23d0000 - 0x00007ffbd243c000 	C:\WINDOWS\System32\WS2_32.dll
0x00007ffbcd590000 - 0x00007ffbcd5ba000 	C:\WINDOWS\SYSTEM32\winmmbase.dll
0x0000000063690000 - 0x000000006369f000 	C:\Program Files\Java\jdk1.8.0_144\jre\bin\verify.dll
0x0000000061ac0000 - 0x0000000061ae9000 	C:\Program Files\Java\jdk1.8.0_144\jre\bin\java.dll
0x0000000061aa0000 - 0x0000000061ab6000 	C:\Program Files\Java\jdk1.8.0_144\jre\bin\zip.dll
0x00000000618c0000 - 0x0000000061a58000 	C:\Program Files\Java\jdk1.8.0_144\jre\bin\awt.dll
0x00007ffbd1cb0000 - 0x00007ffbd1d72000 	C:\WINDOWS\System32\OLEAUT32.dll
0x00007ffbcecf0000 - 0x00007ffbced7b000 	C:\WINDOWS\SYSTEM32\apphelp.dll
0x00007ffbcedd0000 - 0x00007ffbcee68000 	C:\WINDOWS\system32\uxtheme.dll
0x00007ffbd1b30000 - 0x00007ffbd1ca5000 	C:\WINDOWS\System32\MSCTF.dll
0x00007ffbcf2c0000 - 0x00007ffbcf2e9000 	C:\WINDOWS\system32\dwmapi.dll
0x00007ffbd2620000 - 0x00007ffbd2771000 	C:\WINDOWS\System32\ole32.dll
0x0000000061870000 - 0x00000000618b7000 	C:\Program Files\Java\jdk1.8.0_144\jre\bin\fontmanager.dll
0x00007ffbc01c0000 - 0x00007ffbc02e0000 	C:\WINDOWS\system32\opengl32.dll
0x00007ffbc6c30000 - 0x00007ffbc6c5c000 	C:\WINDOWS\SYSTEM32\GLU32.dll
0x0000000061a80000 - 0x0000000061a9a000 	C:\Program Files\Java\jdk1.8.0_144\jre\bin\net.dll
0x00007ffbd0230000 - 0x00007ffbd0296000 	C:\WINDOWS\system32\mswsock.dll
0x0000000061a60000 - 0x0000000061a71000 	C:\Program Files\Java\jdk1.8.0_144\jre\bin\nio.dll
0x0000000061820000 - 0x0000000061862000 	C:\Program Files\Java\jdk1.8.0_144\jre\bin\t2k.dll
0x00007ffbc8500000 - 0x00007ffbc8598000 	C:\WINDOWS\System32\TextInputFramework.dll
0x00007ffbcba60000 - 0x00007ffbcbd7e000 	C:\WINDOWS\System32\CoreUIComponents.dll
0x00007ffbce610000 - 0x00007ffbce6ea000 	C:\WINDOWS\System32\CoreMessaging.dll
0x00007ffbcfaa0000 - 0x00007ffbcfad1000 	C:\WINDOWS\SYSTEM32\ntmarta.dll
0x00007ffbccaa0000 - 0x00007ffbccbed000 	C:\WINDOWS\SYSTEM32\wintypes.dll

VM Arguments:
java_command: principal.Principal
java_class_path (initial): C:\Users\Yoel\Documents\NetBeansProjects\Policia\target\classes;C:\Users\Yoel\.m2\repository\org\hibernate\hibernate-entitymanager\4.3.1.Final\hibernate-entitymanager-4.3.1.Final.jar;C:\Users\Yoel\.m2\repository\org\jboss\logging\jboss-logging\3.1.3.GA\jboss-logging-3.1.3.GA.jar;C:\Users\Yoel\.m2\repository\org\jboss\logging\jboss-logging-annotations\1.2.0.Beta1\jboss-logging-annotations-1.2.0.Beta1.jar;C:\Users\Yoel\.m2\repository\org\hibernate\hibernate-core\4.3.1.Final\hibernate-core-4.3.1.Final.jar;C:\Users\Yoel\.m2\repository\antlr\antlr\2.7.7\antlr-2.7.7.jar;C:\Users\Yoel\.m2\repository\org\jboss\jandex\1.1.0.Final\jandex-1.1.0.Final.jar;C:\Users\Yoel\.m2\repository\dom4j\dom4j\1.6.1\dom4j-1.6.1.jar;C:\Users\Yoel\.m2\repository\xml-apis\xml-apis\1.0.b2\xml-apis-1.0.b2.jar;C:\Users\Yoel\.m2\repository\org\hibernate\common\hibernate-commons-annotations\4.0.4.Final\hibernate-commons-annotations-4.0.4.Final.jar;C:\Users\Yoel\.m2\repository\org\jboss\spec\javax\transaction\jboss-transaction-api_1.2_spec\1.0.0.Final\jboss-transaction-api_1.2_spec-1.0.0.Final.jar;C:\Users\Yoel\.m2\repository\org\javassist\javassist\3.18.1-GA\javassist-3.18.1-GA.jar;C:\Users\Yoel\.m2\repository\org\hibernate\javax\persistence\hibernate-jpa-2.1-api\1.0.0.Final\hibernate-jpa-2.1-api-1.0.0.Final.jar;C:\Users\Yoel\.m2\repository\unknown\binary\mysql-connector-java-5.1.23-bin\SNAPSHOT\mysql-connector-java-5.1.23-bin-SNAPSHOT.jar;C:\Users\Yoel\.m2\repository\com\toedter\jcalendar\1.4\jcalendar-1.4.jar;C:\Users\Yoel\.m2\repository\unknown\binary\AbsoluteLayout\SNAPSHOT\AbsoluteLayout-SNAPSHOT.jar
Launcher Type: SUN_STANDARD

Environment Variables:
JAVA_HOME=C:\Program Files\Java\jdk1.8.0_144
PATH=C:\ProgramData\Oracle\Java\javapath;C:\WINDOWS\system32;C:\WINDOWS;C:\WINDOWS\System32\Wbem;C:\WINDOWS\System32\WindowsPowerShell\v1.0\;C:\WINDOWS\System32\OpenSSH\;C:\Program Files\Git\cmd;C:\Users\Yoel\AppData\Local\Microsoft\WindowsApps;
USERNAME=Yoel
OS=Windows_NT
PROCESSOR_IDENTIFIER=Intel64 Family 6 Model 42 Stepping 7, GenuineIntel



---------------  S Y S T E M  ---------------

OS: Windows 10.0 , 64 bit Build 17134 (10.0.17134.1)

CPU:total 4 (initial active 4) (2 cores per cpu, 2 threads per core) family 6 model 42 stepping 7, cmov, cx8, fxsr, mmx, sse, sse2, sse3, ssse3, sse4.1, sse4.2, popcnt, avx, aes, clmul, ht, tsc, tscinvbit

Memory: 4k page, physical 8236908k(2618696k free), swap 8236908k(5168k free)

vm_info: Java HotSpot(TM) 64-Bit Server VM (25.144-b01) for windows-amd64 JRE (1.8.0_144-b01), built on Jul 21 2017 21:57:33 by "java_re" with MS VC++ 10.0 (VS2010)

time: Sat Jul 07 12:15:03 2018
elapsed time: 1 seconds (0d 0h 0m 1s)

